<?xml version="1.0" encoding="UTF-8"?>
<!-- Generated by org.testng.reporters.JUnitReportReporter -->
<testsuite hostname="IBM-PF3G39XK" failures="0" tests="8" name="pk_spreecom.Create_Multiple_Address_Negative_Scenarios" time="17.394" errors="0" timestamp="2024-03-19T17:26:06 IST" skipped="1">
  <testcase classname="pk_spreecom.Create_Multiple_Address_Negative_Scenarios" name="addBadAddresses" time="5.170"/>
  <system-out/>
  <testcase classname="pk_spreecom.Create_Multiple_Address_Negative_Scenarios" name="addBadAddresses" time="1.895"/>
  <system-out/>
  <testcase classname="pk_spreecom.Create_Multiple_Address_Negative_Scenarios" name="addBadAddresses" time="1.820"/>
  <system-out/>
  <testcase classname="pk_spreecom.Create_Multiple_Address_Negative_Scenarios" name="addBadAddresses" time="2.046"/>
  <system-out/>
  <testcase classname="pk_spreecom.Create_Multiple_Address_Negative_Scenarios" name="addBadAddresses" time="2.449"/>
  <system-out/>
  <testcase classname="pk_spreecom.Create_Multiple_Address_Negative_Scenarios" name="addBadAddresses" time="2.152"/>
  <system-out/>
  <testcase classname="pk_spreecom.Create_Multiple_Address_Negative_Scenarios" name="addBadAddresses" time="1.862"/>
  <system-out/>
  <testcase classname="pk_spreecom.Create_Multiple_Address_Negative_Scenarios" name="addSameAddressLable">
    <skipped/>
  </testcase> <!-- addSameAddressLable -->
  <system-out/>
</testsuite> <!-- pk_spreecom.Create_Multiple_Address_Negative_Scenarios -->
