<?xml version="1.0" encoding="UTF-8"?>
<!-- Generated by org.testng.reporters.JUnitReportReporter -->
<testsuite hostname="IBM-PF3G39XK" failures="0" tests="1" name="pk_spreecom.Get_Default_Country_IBM" time="5.338" errors="0" timestamp="2024-03-20T10:03:13 IST" skipped="0">
  <testcase classname="pk_spreecom.Get_Default_Country_IBM" name="get_Default_Country" time="5.338"/>
  <system-out/>
</testsuite> <!-- pk_spreecom.Get_Default_Country_IBM -->
