<?xml version="1.0" encoding="UTF-8"?>
<!-- Generated by org.testng.reporters.JUnitReportReporter -->
<testsuite hostname="IBM-PF3G39XK" failures="0" tests="1" name="pk_spreecom.Create_Address_Using_Create_Token" time="3.622" errors="0" timestamp="2024-03-19T13:05:32 IST" skipped="0">
  <testcase classname="pk_spreecom.Create_Address_Using_Create_Token" name="Create_Address" time="3.622"/>
  <system-out/>
</testsuite> <!-- pk_spreecom.Create_Address_Using_Create_Token -->
