<?xml version="1.0" encoding="UTF-8"?>
<!-- Generated by org.testng.reporters.JUnitReportReporter -->
<testsuite hostname="IBM-PF3G39XK" failures="0" tests="5" name="pk_spreecom.Retrieving_Country_For_Multiple_Data" time="5.710" errors="0" timestamp="2024-03-19T16:15:10 IST" skipped="0">
  <testcase classname="pk_spreecom.Retrieving_Country_For_Multiple_Data" name="getCountry" time="0.818"/>
  <system-out/>
  <testcase classname="pk_spreecom.Retrieving_Country_For_Multiple_Data" name="getCountry" time="0.829"/>
  <system-out/>
  <testcase classname="pk_spreecom.Retrieving_Country_For_Multiple_Data" name="getCountry" time="0.803"/>
  <system-out/>
  <testcase classname="pk_spreecom.Retrieving_Country_For_Multiple_Data" name="getCountry" time="2.417"/>
  <system-out/>
  <testcase classname="pk_spreecom.Retrieving_Country_For_Multiple_Data" name="getCountry" time="0.843"/>
  <system-out/>
</testsuite> <!-- pk_spreecom.Retrieving_Country_For_Multiple_Data -->
