<?xml version="1.0" encoding="UTF-8"?>
<!-- Generated by org.testng.reporters.JUnitReportReporter -->
<testsuite hostname="IBM-PF3G39XK" failures="0" tests="1" name="pk_spreecom.Get_Default_Country_Using_JSONPath" time="2.391" errors="0" timestamp="2024-03-19T10:20:47 IST" skipped="0">
  <testcase classname="pk_spreecom.Get_Default_Country_Using_JSONPath" name="Get_Default_Country" time="2.391"/>
  <system-out/>
</testsuite> <!-- pk_spreecom.Get_Default_Country_Using_JSONPath -->
