<?xml version="1.0" encoding="UTF-8"?>
<!-- Generated by org.testng.reporters.JUnitReportReporter -->
<testsuite hostname="IBM-PF3G39XK" failures="0" tests="2" name="pk_spreecom.Create_Address_Update_Address" time="6.283" errors="0" timestamp="2024-03-20T10:18:29 IST" skipped="0">
  <testcase classname="pk_spreecom.Create_Address_Update_Address" name="Create_Address" time="4.277"/>
  <system-out/>
  <testcase classname="pk_spreecom.Create_Address_Update_Address" name="Update_Address" time="2.006"/>
  <system-out/>
</testsuite> <!-- pk_spreecom.Create_Address_Update_Address -->
