<?xml version="1.0" encoding="UTF-8"?>
<!-- Generated by org.testng.reporters.JUnitReportReporter -->
<testsuite hostname="IBM-PF3G39XK" failures="0" tests="1" name="pk_graphql_tests.GraphQL_pokemon" time="1.072" errors="0" timestamp="2024-03-20T13:28:12 IST" skipped="0">
  <testcase classname="pk_graphql_tests.GraphQL_pokemon" name="getPokemonTest" time="1.072"/>
  <system-out/>
</testsuite> <!-- pk_graphql_tests.GraphQL_pokemon -->
