<?xml version="1.0" encoding="UTF-8"?>
<!-- Generated by org.testng.reporters.JUnitReportReporter -->
<testsuite hostname="IBM-PF3G39XK" failures="0" tests="1" name="pk_spreecom.Create_Address_Using_Util_Function" time="1.132" errors="0" timestamp="2024-03-19T14:33:04 IST" skipped="0">
  <testcase classname="pk_spreecom.Create_Address_Using_Util_Function" name="CreateAddress" time="1.132"/>
  <system-out/>
</testsuite> <!-- pk_spreecom.Create_Address_Using_Util_Function -->
