<?xml version="1.0" encoding="UTF-8"?>
<!-- Generated by org.testng.reporters.JUnitReportReporter -->
<testsuite hostname="IBM-PF3G39XK" failures="0" tests="5" name="pk_spreecom.Create_Multiple_Address_Using_TestData" time="10.865" errors="0" timestamp="2024-03-19T16:34:24 IST" skipped="0">
  <testcase classname="pk_spreecom.Create_Multiple_Address_Using_TestData" name="addAddress" time="1.772"/>
  <system-out/>
  <testcase classname="pk_spreecom.Create_Multiple_Address_Using_TestData" name="addAddress" time="1.939"/>
  <system-out/>
  <testcase classname="pk_spreecom.Create_Multiple_Address_Using_TestData" name="addAddress" time="3.609"/>
  <system-out/>
  <testcase classname="pk_spreecom.Create_Multiple_Address_Using_TestData" name="addAddress" time="1.700"/>
  <system-out/>
  <testcase classname="pk_spreecom.Create_Multiple_Address_Using_TestData" name="addAddress" time="1.845"/>
  <system-out/>
</testsuite> <!-- pk_spreecom.Create_Multiple_Address_Using_TestData -->
