<?xml version="1.0" encoding="UTF-8"?>
<!-- Generated by org.testng.reporters.JUnitReportReporter -->
<testsuite hostname="IBM-PF3G39XK" failures="0" tests="1" name="pk_spreecom.Generate_Spree_Oauth_Token" time="4.554" errors="0" timestamp="2024-03-19T11:21:26 IST" skipped="0">
  <testcase classname="pk_spreecom.Generate_Spree_Oauth_Token" name="oAuth_Token" time="4.554"/>
  <system-out/>
</testsuite> <!-- pk_spreecom.Generate_Spree_Oauth_Token -->
