<?xml version="1.0" encoding="UTF-8"?>
<!-- Generated by org.testng.reporters.JUnitReportReporter -->
<testsuite hostname="IBM-PF3G39XK" failures="0" tests="3" name="pk_spreecom.Create_Update_Delete_Address" time="7.175" errors="0" timestamp="2024-03-19T15:00:09 IST" skipped="0">
  <testcase classname="pk_spreecom.Create_Update_Delete_Address" name="deleteAddress" time="1.804"/>
  <system-out/>
  <testcase classname="pk_spreecom.Create_Update_Delete_Address" name="Create_Address" time="3.701"/>
  <system-out/>
  <testcase classname="pk_spreecom.Create_Update_Delete_Address" name="Update_Address" time="1.670"/>
  <system-out/>
</testsuite> <!-- pk_spreecom.Create_Update_Delete_Address -->
