<?xml version="1.0" encoding="UTF-8"?>
<!-- Generated by org.testng.reporters.JUnitReportReporter -->
<testsuite hostname="IBM-PF3G39XK" failures="0" tests="5" name="pk_spreecom.Create_Multiple_Address_With_Unique_Label" time="11.033" errors="0" timestamp="2024-03-20T11:09:55 IST" skipped="0">
  <testcase classname="pk_spreecom.Create_Multiple_Address_With_Unique_Label" name="addAddress" time="3.692"/>
  <system-out/>
  <testcase classname="pk_spreecom.Create_Multiple_Address_With_Unique_Label" name="addAddress" time="1.999"/>
  <system-out/>
  <testcase classname="pk_spreecom.Create_Multiple_Address_With_Unique_Label" name="addAddress" time="1.776"/>
  <system-out/>
  <testcase classname="pk_spreecom.Create_Multiple_Address_With_Unique_Label" name="addAddress" time="1.737"/>
  <system-out/>
  <testcase classname="pk_spreecom.Create_Multiple_Address_With_Unique_Label" name="addAddress" time="1.829"/>
  <system-out/>
</testsuite> <!-- pk_spreecom.Create_Multiple_Address_With_Unique_Label -->
