<?xml version="1.0" encoding="UTF-8"?>
<!-- Generated by org.testng.reporters.JUnitReportReporter -->
<testsuite hostname="IBM-PF3G39XK" failures="0" tests="3" name="pk_spreecom.Create_Address_Delete_Address_Through_UI" time="26.629" errors="0" timestamp="2024-03-20T10:55:13 IST" skipped="0">
  <testcase classname="pk_spreecom.Create_Address_Delete_Address_Through_UI" name="Create_Address" time="3.651"/>
  <system-out/>
  <testcase classname="pk_spreecom.Create_Address_Delete_Address_Through_UI" name="Update_Address" time="1.870"/>
  <system-out/>
  <testcase classname="pk_spreecom.Create_Address_Delete_Address_Through_UI" name="deleteAddress_UI" time="21.108"/>
  <system-out/>
</testsuite> <!-- pk_spreecom.Create_Address_Delete_Address_Through_UI -->
