<?xml version="1.0" encoding="UTF-8"?>
<!-- Generated by org.testng.reporters.JUnitReportReporter -->
<testsuite hostname="IBM-PF3G39XK" failures="0" tests="1" name="pk_spreecom.Retrieve_a_Country_IBM" time="2.774" errors="0" timestamp="2024-03-18T17:30:23 IST" skipped="0">
  <testcase classname="pk_spreecom.Retrieve_a_Country_IBM" name="Get_Default_Country" time="2.774"/>
  <system-out/>
</testsuite> <!-- pk_spreecom.Retrieve_a_Country_IBM -->
